<?xml version="1.0" encoding="UTF-8"?>
<!-- Generated by org.testng.reporters.JUnitXMLReporter -->
<testsuite hostname="LP17093" name="Add Customer With Different Account Types Using Different User Roles Using Chrome" tests="2" failures="0" timestamp="10 Oct 2017 18:54:38 GMT" time="87.695" errors="0">
  <testcase name="searchCustomersUsingDemandResponseCustomer" time="42.219" classname="tests.myaccount.SearchCustomerTests"/>
  <testcase name="searchCustomersUsingDemandResponseVendorId" time="31.302" classname="tests.myaccount.SearchCustomerTests"/>
</testsuite> <!-- Add Customer With Different Account Types Using Different User Roles Using Chrome -->
